<?xml version="1.0" encoding="UTF-8"?>
<!-- Generated by org.testng.reporters.JUnitReportReporter -->
<testsuite hostname="DESKTOP-KDI3GK4" failures="0" tests="1" name="runnerClass.RunnerIO" time="10.097" errors="0" timestamp="2023-09-06T19:40:39 IST" skipped="0">
  <testcase classname="runnerClass.RunnerIO" name="runScenario" time="10.097"/>
  <system-out/>
</testsuite> <!-- runnerClass.RunnerIO -->
